<?xml version="1.0" encoding="UTF-8"?>
<!-- Generated by org.testng.reporters.JUnitXMLReporter -->
<testsuite ignored="0" hostname="Santhosh" failures="0" tests="4" name="Default test" time="9.621" errors="0" timestamp="2023-12-27T12:36:54 IST">
  <testcase classname="api.test.UserTest" name="testPostRequest" time="4.018"/>
  <testcase classname="api.test.UserTest" name="testGetRequest" time="1.318"/>
  <testcase classname="api.test.UserTest" name="testUpdateRequest" time="2.574"/>
  <testcase classname="api.test.UserTest" name="testDeleteRequest" time="1.253"/>
</testsuite> <!-- Default test -->
