<?xml version="1.0" encoding="UTF-8"?>
<!-- Generated by org.testng.reporters.JUnitXMLReporter -->
<testsuite ignored="0" hostname="Santhosh" failures="0" tests="4" name="Default test" time="8.456" errors="0" timestamp="2023-12-27T09:09:40 IST">
  <testcase classname="api.test.UserTest" name="testPostRequest" time="4.162"/>
  <testcase classname="api.test.UserTest" name="testGetRequest" time="1.3"/>
  <testcase classname="api.test.UserTest" name="testUpdateRequest" time="1.29"/>
  <testcase classname="api.test.UserTest" name="testDeleteRequest" time="1.263"/>
</testsuite> <!-- Default test -->
