<?xml version="1.0" encoding="UTF-8"?>
<testng-results ignored="0" total="4" passed="4" failed="0" skipped="0">
  <reporter-output>
  </reporter-output>
  <suite started-at="2023-12-27T09:09:31 IST" name="Default suite" finished-at="2023-12-27T09:09:40 IST" duration-ms="8456">
    <groups>
    </groups>
    <test started-at="2023-12-27T09:09:31 IST" name="Default test" finished-at="2023-12-27T09:09:40 IST" duration-ms="8456">
      <class name="api.test.UserTest">
        <test-method is-config="true" signature="setupData()[pri:0, instance:api.test.UserTest@1ed6388a]" started-at="2023-12-27T09:09:31 IST" name="setupData" finished-at="2023-12-27T09:09:32 IST" duration-ms="356" status="PASS">
          <reporter-output>
          </reporter-output>
        </test-method> <!-- setupData -->
        <test-method signature="testPostRequest()[pri:0, instance:api.test.UserTest@1ed6388a]" started-at="2023-12-27T09:09:32 IST" name="testPostRequest" finished-at="2023-12-27T09:09:36 IST" duration-ms="4162" status="PASS">
          <reporter-output>
          </reporter-output>
        </test-method> <!-- testPostRequest -->
        <test-method signature="testGetRequest()[pri:0, instance:api.test.UserTest@1ed6388a]" started-at="2023-12-27T09:09:36 IST" name="testGetRequest" finished-at="2023-12-27T09:09:37 IST" depends-on-methods="api.test.UserTest.testPostRequest" duration-ms="1300" status="PASS">
          <reporter-output>
          </reporter-output>
        </test-method> <!-- testGetRequest -->
        <test-method signature="testUpdateRequest()[pri:0, instance:api.test.UserTest@1ed6388a]" started-at="2023-12-27T09:09:37 IST" name="testUpdateRequest" finished-at="2023-12-27T09:09:38 IST" depends-on-methods="api.test.UserTest.testGetRequest" duration-ms="1290" status="PASS">
          <reporter-output>
          </reporter-output>
        </test-method> <!-- testUpdateRequest -->
        <test-method signature="testDeleteRequest()[pri:0, instance:api.test.UserTest@1ed6388a]" started-at="2023-12-27T09:09:38 IST" name="testDeleteRequest" finished-at="2023-12-27T09:09:40 IST" depends-on-methods="api.test.UserTest.testUpdateRequest" duration-ms="1263" status="PASS">
          <reporter-output>
          </reporter-output>
        </test-method> <!-- testDeleteRequest -->
      </class> <!-- api.test.UserTest -->
    </test> <!-- Default test -->
  </suite> <!-- Default suite -->
</testng-results>
